<?xml version="1.0" encoding="UTF-8"?>
<!-- Generated by org.testng.reporters.JUnitReportReporter -->
<testsuite hostname="LAPTOP-4F11CKJ5" failures="0" tests="3" name="TestFlows.testFlow1" time="52.527" errors="0" timestamp="30 Aug. 2020 18:02:11 GMT" skipped="0">
  <testcase classname="TestFlows.testFlow1" name="testFlow1Test1" time="12.369"/>
  <testcase classname="TestFlows.testFlow1" name="testFlow1Test2" time="19.212"/>
  <testcase classname="TestFlows.testFlow1" name="testFlow1Test3" time="20.946"/>
</testsuite> <!-- TestFlows.testFlow1 -->
