<?xml version="1.0" encoding="UTF-8"?>
<!-- Generated by org.testng.reporters.JUnitReportReporter -->
<testsuite hostname="LAPTOP-4F11CKJ5" failures="0" tests="1" name="com.datadriven.test.WalMartTest" time="9.178" errors="0" timestamp="27 Aug. 2020 17:19:14 GMT" skipped="0">
  <testcase classname="com.datadriven.test.WalMartTest" name="titleTest" time="9.178"/>
</testsuite> <!-- com.datadriven.test.WalMartTest -->
