<?xml version="1.0" encoding="UTF-8"?>
<!-- Generated by org.testng.reporters.JUnitReportReporter -->
<testsuite hostname="LAPTOP-4F11CKJ5" failures="0" tests="1" name="TestFlows.testFlow2" time="16.102" errors="0" timestamp="30 Aug. 2020 18:02:11 GMT" skipped="0">
  <testcase classname="TestFlows.testFlow2" name="testFlow2Test1" time="16.102"/>
</testsuite> <!-- TestFlows.testFlow2 -->
