<?xml version="1.0" encoding="UTF-8"?>
<!-- Generated by org.testng.reporters.JUnitReportReporter -->
<testsuite hostname="LAPTOP-4F11CKJ5" failures="0" tests="3" name="TestFlows.testFlow1" time="40.720" errors="0" timestamp="22 Jun. 2020 18:55:06 GMT" skipped="0">
  <testcase classname="TestFlows.testFlow1" name="testFlow1Test1" time="10.736"/>
  <testcase classname="TestFlows.testFlow1" name="testFlow1Test2" time="17.117"/>
  <testcase classname="TestFlows.testFlow1" name="testFlow1Test3" time="12.867"/>
</testsuite> <!-- TestFlows.testFlow1 -->
